<?xml version="1.0" encoding="UTF-8"?>
<!-- Generated by org.testng.reporters.JUnitReportReporter -->
<testsuite skipped="0" hostname="DESKTOP-8HH9JKT" name="APITesting.com.org.api.weatherGetRequest" tests="6" failures="0" timestamp="15 Nov 2018 17:42:22 GMT" time="3.781" errors="0">
  <testcase name="Test_0002" time="0.359" classname="APITesting.com.org.api.weatherGetRequest"/>
  <testcase name="Test_0004" time="0.343" classname="APITesting.com.org.api.weatherGetRequest"/>
  <testcase name="Test_0006" time="0.750" classname="APITesting.com.org.api.weatherGetRequest"/>
  <testcase name="Test_0005" time="0.360" classname="APITesting.com.org.api.weatherGetRequest"/>
  <testcase name="Test_0003" time="0.407" classname="APITesting.com.org.api.weatherGetRequest"/>
  <testcase name="Test_0001" time="1.562" classname="APITesting.com.org.api.weatherGetRequest"/>
</testsuite> <!-- APITesting.com.org.api.weatherGetRequest -->
