<?xml version="1.0" encoding="UTF-8"?>
<!-- Generated by org.testng.reporters.JUnitReportReporter -->
<testsuite skipped="0" hostname="DESKTOP-8HH9JKT" name="APITesting.com.org.api.weatherGetRequest" tests="3" failures="0" timestamp="15 Nov 2018 15:03:46 GMT" time="2.862" errors="0">
  <testcase name="Test_0001" time="1.830" classname="APITesting.com.org.api.weatherGetRequest"/>
  <testcase name="Test_0003" time="0.593" classname="APITesting.com.org.api.weatherGetRequest"/>
  <testcase name="Test_0002" time="0.439" classname="APITesting.com.org.api.weatherGetRequest"/>
</testsuite> <!-- APITesting.com.org.api.weatherGetRequest -->
